

Microchip MPLAB XC8 Assembler V2.10 build 88905656 
                                                                                               Tue Sep 15 14:13:54 2020

Microchip MPLAB XC8 C Compiler v2.10 (Free license) build 20190730164152 Og1 
     1                           	processor	18F46K42
     2                           	fnconf	rparam,??,?,0
     3                           	opt	pw 120
     4                           	opt	flic
     5                           	psect	cinit,global,reloc=2,class=CODE,delta=1
     6                           	psect	cstackCOMRAM,global,class=COMRAM,space=1,delta=1,noexec
     7                           	psect	text0,global,reloc=2,class=CODE,delta=1
     8                           	psect	text1,global,reloc=2,class=CODE,delta=1
     9                           	psect	text2,global,reloc=2,class=CODE,delta=1
    10                           	psect	text3,global,reloc=2,class=CODE,delta=1
    11                           	psect	text4,global,reloc=2,class=CODE,delta=1
    12                           	psect	intsave_regs,global,class=BIGRAM,space=1,delta=1,noexec
    13                           	psect	rparam,global,class=COMRAM,space=1,delta=1,noexec
    14  0000                     
    15                           ; Version 2.10
    16                           ; Generated 31/07/2019 GMT
    17                           ; 
    18                           ; Copyright © 2019, Microchip Technology Inc. and its subsidiaries ("Microchip")
    19                           ; All rights reserved.
    20                           ; 
    21                           ; This software is developed by Microchip Technology Inc. and its subsidiaries ("Microch
      +                          ip").
    22                           ; 
    23                           ; Redistribution and use in source and binary forms, with or without modification, are
    24                           ; permitted provided that the following conditions are met:
    25                           ; 
    26                           ;     1. Redistributions of source code must retain the above copyright notice, this lis
      +                          t of
    27                           ;        conditions and the following disclaimer.
    28                           ; 
    29                           ;     2. Redistributions in binary form must reproduce the above copyright notice, this 
      +                          list
    30                           ;        of conditions and the following disclaimer in the documentation and/or other
    31                           ;        materials provided with the distribution.
    32                           ; 
    33                           ;     3. Microchip's name may not be used to endorse or promote products derived from th
      +                          is
    34                           ;        software without specific prior written permission.
    35                           ; 
    36                           ; THIS SOFTWARE IS PROVIDED BY MICROCHIP "AS IS" AND ANY EXPRESS OR IMPLIED WARRANTIES,
    37                           ; INCLUDING, BUT NOT LIMITED TO, THE IMPLIED WARRANTIES OF MERCHANTABILITY AND FITNESS F
      +                          OR
    38                           ; PURPOSE ARE DISCLAIMED.  IN NO EVENT SHALL MICROCHIP BE LIABLE FOR ANY DIRECT, INDIREC
      +                          T,
    39                           ; INCIDENTAL, SPECIAL, EXEMPLARY, OR CONSEQUENTIAL DAMAGES (INCLUDING BUT NOT LIMITED TO
    40                           ; PROCUREMENT OF SUBSTITUTE GOODS OR SERVICES; LOSS OF USE, DATA OR PROFITS; OR BUSINESS
    41                           ; INTERRUPTION) HOWSOEVER CAUSED AND ON ANY THEORY OF LIABILITY, WHETHER IN CONTRACT, ST
      +                          RICT
    42                           ; LIABILITY, OR TORT (INCLUDING NEGLIGENCE OR OTHERWISE) ARISING IN ANY WAY OUT OF THE U
      +                          SE OF
    43                           ; THIS SOFTWARE, EVEN IF ADVISED OF THE POSSIBILITY OF SUCH DAMAGE.
    44                           ; 
    45                           ; 
    46                           ; Code-generator required, PIC18F46K42 Definitions
    47                           ; 
    48                           ; SFR Addresses
    49  0000                     _PMD7	set	14791
    50  0000                     _PMD6	set	14790
    51  0000                     _PMD5	set	14789
    52  0000                     _PMD4	set	14788
    53  0000                     _PMD3	set	14787
    54  0000                     _PMD2	set	14786
    55  0000                     _PMD1	set	14785
    56  0000                     _PMD0	set	14784
    57  0000                     _OSCTUNE	set	14814
    58  0000                     _OSCFRQ	set	14815
    59  0000                     _OSCEN	set	14813
    60  0000                     _OSCCON3	set	14811
    61  0000                     _OSCCON1	set	14809
    62  0000                     _INLVLE	set	14980
    63  0000                     _INLVLD	set	14964
    64  0000                     _INLVLC	set	14948
    65  0000                     _INLVLB	set	14932
    66  0000                     _INLVLA	set	14916
    67  0000                     _SLRCONE	set	14979
    68  0000                     _SLRCOND	set	14963
    69  0000                     _SLRCONC	set	14947
    70  0000                     _SLRCONB	set	14931
    71  0000                     _SLRCONA	set	14915
    72  0000                     _ODCOND	set	14962
    73  0000                     _ODCONC	set	14946
    74  0000                     _ODCONB	set	14930
    75  0000                     _ODCONA	set	14914
    76  0000                     _ODCONE	set	14978
    77  0000                     _RD1I2C	set	14971
    78  0000                     _RD0I2C	set	14970
    79  0000                     _RC4I2C	set	14955
    80  0000                     _RC3I2C	set	14954
    81  0000                     _RB2I2C	set	14939
    82  0000                     _RB1I2C	set	14938
    83  0000                     _WPUC	set	14945
    84  0000                     _WPUA	set	14913
    85  0000                     _WPUB	set	14929
    86  0000                     _WPUE	set	14977
    87  0000                     _WPUD	set	14961
    88  0000                     _ANSELA	set	14912
    89  0000                     _ANSELE	set	14976
    90  0000                     _ANSELB	set	14928
    91  0000                     _ANSELC	set	14944
    92  0000                     _ANSELD	set	14960
    93  0000                     _TRISD	set	16325
    94  0000                     _TRISC	set	16324
    95  0000                     _TRISB	set	16323
    96  0000                     _TRISA	set	16322
    97  0000                     _TRISE	set	16326
    98  0000                     _LATC	set	16316
    99  0000                     _LATB	set	16315
   100  0000                     _LATA	set	16314
   101  0000                     _LATD	set	16317
   102  0000                     _LATE	set	16318
   103                           
   104                           ; #config settings
   105  0000                     
   106                           	psect	cinit
   107  00FF18                     __pcinit:
   108                           	opt callstack 0
   109  00FF18                     start_initialization:
   110                           	opt callstack 0
   111  00FF18                     __initialization:
   112                           	opt callstack 0
   113  00FF18                     end_of_initialization:
   114                           	opt callstack 0
   115  00FF18                     __end_of__initialization:
   116                           	opt callstack 0
   117  00FF18  0100               	movlb	0
   118  00FF1A  EF8F  F07F         	goto	_main	;jump to C main() function
   119                           
   120                           	psect	cstackCOMRAM
   121  000000                     __pcstackCOMRAM:
   122                           	opt callstack 0
   123  000000                     
   124                           ; 1 bytes @ 0x0
   125 ;;
   126 ;;Main: autosize = 0, tempsize = 0, incstack = 0, save=0
   127 ;;
   128 ;; *************** function _main *****************
   129 ;; Defined at:
   130 ;;		line 49 in file "main.c"
   131 ;; Parameters:    Size  Location     Type
   132 ;;		None
   133 ;; Auto vars:     Size  Location     Type
   134 ;;		None
   135 ;; Return value:  Size  Location     Type
   136 ;;                  1    wreg      void 
   137 ;; Registers used:
   138 ;;		wreg, status,2, cstack
   139 ;; Tracked objects:
   140 ;;		On entry : 0/0
   141 ;;		On exit  : 0/0
   142 ;;		Unchanged: 0/0
   143 ;; Data sizes:     COMRAM   BANK0   BANK1   BANK2   BANK3   BANK4   BANK5   BANK6   BANK7   BANK8   BANK9  BANK10  BANK1
      +1  BANK12  BANK13  BANK14  BANK15
   144 ;;      Params:         0       0       0       0       0       0       0       0       0       0       0       0       
      +0       0       0       0       0
   145 ;;      Locals:         0       0       0       0       0       0       0       0       0       0       0       0       
      +0       0       0       0       0
   146 ;;      Temps:          0       0       0       0       0       0       0       0       0       0       0       0       
      +0       0       0       0       0
   147 ;;      Totals:         0       0       0       0       0       0       0       0       0       0       0       0       
      +0       0       0       0       0
   148 ;;Total ram usage:        0 bytes
   149 ;; Hardware stack levels required when called:    2
   150 ;; This function calls:
   151 ;;		_SYSTEM_Initialize
   152 ;; This function is called by:
   153 ;;		Startup code after reset
   154 ;; This function uses a non-reentrant model
   155 ;;
   156                           
   157                           	psect	text0
   158  00FF1E                     __ptext0:
   159                           	opt callstack 0
   160  00FF1E                     _main:
   161                           	opt callstack 29
   162  00FF1E                     
   163                           ;main.c: 52:     SYSTEM_Initialize();
   164  00FF1E  EC95  F07F         	call	_SYSTEM_Initialize	;wreg free
   165  00FF22                     l7:
   166  00FF22  EF91  F07F         	goto	l7
   167  00FF26  EFFE  F07F         	goto	start
   168  00FF2A                     __end_of_main:
   169                           	opt callstack 0
   170                           
   171 ;; *************** function _SYSTEM_Initialize *****************
   172 ;; Defined at:
   173 ;;		line 50 in file "mcc_generated_files/mcc.c"
   174 ;; Parameters:    Size  Location     Type
   175 ;;		None
   176 ;; Auto vars:     Size  Location     Type
   177 ;;		None
   178 ;; Return value:  Size  Location     Type
   179 ;;                  1    wreg      void 
   180 ;; Registers used:
   181 ;;		wreg, status,2, cstack
   182 ;; Tracked objects:
   183 ;;		On entry : 0/0
   184 ;;		On exit  : 0/0
   185 ;;		Unchanged: 0/0
   186 ;; Data sizes:     COMRAM   BANK0   BANK1   BANK2   BANK3   BANK4   BANK5   BANK6   BANK7   BANK8   BANK9  BANK10  BANK1
      +1  BANK12  BANK13  BANK14  BANK15
   187 ;;      Params:         0       0       0       0       0       0       0       0       0       0       0       0       
      +0       0       0       0       0
   188 ;;      Locals:         0       0       0       0       0       0       0       0       0       0       0       0       
      +0       0       0       0       0
   189 ;;      Temps:          0       0       0       0       0       0       0       0       0       0       0       0       
      +0       0       0       0       0
   190 ;;      Totals:         0       0       0       0       0       0       0       0       0       0       0       0       
      +0       0       0       0       0
   191 ;;Total ram usage:        0 bytes
   192 ;; Hardware stack levels used:    1
   193 ;; Hardware stack levels required when called:    1
   194 ;; This function calls:
   195 ;;		_OSCILLATOR_Initialize
   196 ;;		_PIN_MANAGER_Initialize
   197 ;;		_PMD_Initialize
   198 ;; This function is called by:
   199 ;;		_main
   200 ;; This function uses a non-reentrant model
   201 ;;
   202                           
   203                           	psect	text1
   204  00FF2A                     __ptext1:
   205                           	opt callstack 0
   206  00FF2A                     _SYSTEM_Initialize:
   207                           	opt callstack 29
   208  00FF2A                     
   209                           ;mcc_generated_files/mcc.c: 52:     PMD_Initialize();
   210  00FF2A  ECA8  F07F         	call	_PMD_Initialize	;wreg free
   211                           
   212                           ;mcc_generated_files/mcc.c: 53:     PIN_MANAGER_Initialize();
   213  00FF2E  ECBA  F07F         	call	_PIN_MANAGER_Initialize	;wreg free
   214                           
   215                           ;mcc_generated_files/mcc.c: 54:     OSCILLATOR_Initialize();
   216  00FF32  EC9C  F07F         	call	_OSCILLATOR_Initialize	;wreg free
   217  00FF36  0012               	return		;funcret
   218  00FF38                     __end_of_SYSTEM_Initialize:
   219                           	opt callstack 0
   220                           
   221 ;; *************** function _PMD_Initialize *****************
   222 ;; Defined at:
   223 ;;		line 71 in file "mcc_generated_files/mcc.c"
   224 ;; Parameters:    Size  Location     Type
   225 ;;		None
   226 ;; Auto vars:     Size  Location     Type
   227 ;;		None
   228 ;; Return value:  Size  Location     Type
   229 ;;                  1    wreg      void 
   230 ;; Registers used:
   231 ;;		wreg, status,2
   232 ;; Tracked objects:
   233 ;;		On entry : 0/0
   234 ;;		On exit  : 0/0
   235 ;;		Unchanged: 0/0
   236 ;; Data sizes:     COMRAM   BANK0   BANK1   BANK2   BANK3   BANK4   BANK5   BANK6   BANK7   BANK8   BANK9  BANK10  BANK1
      +1  BANK12  BANK13  BANK14  BANK15
   237 ;;      Params:         0       0       0       0       0       0       0       0       0       0       0       0       
      +0       0       0       0       0
   238 ;;      Locals:         0       0       0       0       0       0       0       0       0       0       0       0       
      +0       0       0       0       0
   239 ;;      Temps:          0       0       0       0       0       0       0       0       0       0       0       0       
      +0       0       0       0       0
   240 ;;      Totals:         0       0       0       0       0       0       0       0       0       0       0       0       
      +0       0       0       0       0
   241 ;;Total ram usage:        0 bytes
   242 ;; Hardware stack levels used:    1
   243 ;; This function calls:
   244 ;;		Nothing
   245 ;; This function is called by:
   246 ;;		_SYSTEM_Initialize
   247 ;; This function uses a non-reentrant model
   248 ;;
   249                           
   250                           	psect	text2
   251  00FF50                     __ptext2:
   252                           	opt callstack 0
   253  00FF50                     _PMD_Initialize:
   254                           	opt callstack 29
   255  00FF50                     
   256                           ;mcc_generated_files/mcc.c: 74:     PMD0 = 0x00;
   257  00FF50  0E00               	movlw	0
   258  00FF52  0139               	movlb	57	; () banked
   259  00FF54  6FC0               	movwf	192,b	;volatile
   260                           
   261                           ;mcc_generated_files/mcc.c: 76:     PMD1 = 0x00;
   262  00FF56  0E00               	movlw	0
   263  00FF58  6FC1               	movwf	193,b	;volatile
   264                           
   265                           ;mcc_generated_files/mcc.c: 78:     PMD2 = 0x00;
   266  00FF5A  0E00               	movlw	0
   267  00FF5C  6FC2               	movwf	194,b	;volatile
   268                           
   269                           ;mcc_generated_files/mcc.c: 80:     PMD3 = 0x00;
   270  00FF5E  0E00               	movlw	0
   271  00FF60  6FC3               	movwf	195,b	;volatile
   272                           
   273                           ;mcc_generated_files/mcc.c: 82:     PMD4 = 0x00;
   274  00FF62  0E00               	movlw	0
   275  00FF64  6FC4               	movwf	196,b	;volatile
   276                           
   277                           ;mcc_generated_files/mcc.c: 84:     PMD5 = 0x00;
   278  00FF66  0E00               	movlw	0
   279  00FF68  6FC5               	movwf	197,b	;volatile
   280                           
   281                           ;mcc_generated_files/mcc.c: 86:     PMD6 = 0x00;
   282  00FF6A  0E00               	movlw	0
   283  00FF6C  6FC6               	movwf	198,b	;volatile
   284                           
   285                           ;mcc_generated_files/mcc.c: 88:     PMD7 = 0x00;
   286  00FF6E  0E00               	movlw	0
   287  00FF70  6FC7               	movwf	199,b	;volatile
   288  00FF72                     
   289                           ; BSR set to: 57
   290  00FF72  0012               	return		;funcret
   291  00FF74                     __end_of_PMD_Initialize:
   292                           	opt callstack 0
   293                           
   294 ;; *************** function _PIN_MANAGER_Initialize *****************
   295 ;; Defined at:
   296 ;;		line 55 in file "mcc_generated_files/pin_manager.c"
   297 ;; Parameters:    Size  Location     Type
   298 ;;		None
   299 ;; Auto vars:     Size  Location     Type
   300 ;;		None
   301 ;; Return value:  Size  Location     Type
   302 ;;                  1    wreg      void 
   303 ;; Registers used:
   304 ;;		wreg, status,2
   305 ;; Tracked objects:
   306 ;;		On entry : 0/0
   307 ;;		On exit  : 0/0
   308 ;;		Unchanged: 0/0
   309 ;; Data sizes:     COMRAM   BANK0   BANK1   BANK2   BANK3   BANK4   BANK5   BANK6   BANK7   BANK8   BANK9  BANK10  BANK1
      +1  BANK12  BANK13  BANK14  BANK15
   310 ;;      Params:         0       0       0       0       0       0       0       0       0       0       0       0       
      +0       0       0       0       0
   311 ;;      Locals:         0       0       0       0       0       0       0       0       0       0       0       0       
      +0       0       0       0       0
   312 ;;      Temps:          0       0       0       0       0       0       0       0       0       0       0       0       
      +0       0       0       0       0
   313 ;;      Totals:         0       0       0       0       0       0       0       0       0       0       0       0       
      +0       0       0       0       0
   314 ;;Total ram usage:        0 bytes
   315 ;; Hardware stack levels used:    1
   316 ;; This function calls:
   317 ;;		Nothing
   318 ;; This function is called by:
   319 ;;		_SYSTEM_Initialize
   320 ;; This function uses a non-reentrant model
   321 ;;
   322                           
   323                           	psect	text3
   324  00FF74                     __ptext3:
   325                           	opt callstack 0
   326  00FF74                     _PIN_MANAGER_Initialize:
   327                           	opt callstack 29
   328  00FF74                     
   329                           ;mcc_generated_files/pin_manager.c: 60:     LATE = 0x00;
   330  00FF74  0E00               	movlw	0
   331  00FF76  6EBE               	movwf	190,c	;volatile
   332                           
   333                           ;mcc_generated_files/pin_manager.c: 61:     LATD = 0x00;
   334  00FF78  0E00               	movlw	0
   335  00FF7A  6EBD               	movwf	189,c	;volatile
   336                           
   337                           ;mcc_generated_files/pin_manager.c: 62:     LATA = 0x00;
   338  00FF7C  0E00               	movlw	0
   339  00FF7E  6EBA               	movwf	186,c	;volatile
   340                           
   341                           ;mcc_generated_files/pin_manager.c: 63:     LATB = 0x00;
   342  00FF80  0E00               	movlw	0
   343  00FF82  6EBB               	movwf	187,c	;volatile
   344                           
   345                           ;mcc_generated_files/pin_manager.c: 64:     LATC = 0x00;
   346  00FF84  0E00               	movlw	0
   347  00FF86  6EBC               	movwf	188,c	;volatile
   348                           
   349                           ;mcc_generated_files/pin_manager.c: 69:     TRISE = 0x07;
   350  00FF88  0E07               	movlw	7
   351  00FF8A  6EC6               	movwf	198,c	;volatile
   352  00FF8C                     
   353                           ;mcc_generated_files/pin_manager.c: 70:     TRISA = 0xFF;
   354  00FF8C  68C2               	setf	194,c	;volatile
   355  00FF8E                     
   356                           ;mcc_generated_files/pin_manager.c: 71:     TRISB = 0xFF;
   357  00FF8E  68C3               	setf	195,c	;volatile
   358  00FF90                     
   359                           ;mcc_generated_files/pin_manager.c: 72:     TRISC = 0xFF;
   360  00FF90  68C4               	setf	196,c	;volatile
   361  00FF92                     
   362                           ;mcc_generated_files/pin_manager.c: 73:     TRISD = 0xFF;
   363  00FF92  68C5               	setf	197,c	;volatile
   364  00FF94                     
   365                           ;mcc_generated_files/pin_manager.c: 78:     ANSELD = 0xFF;
   366  00FF94  013A               	movlb	58	; () banked
   367  00FF96  6970               	setf	112,b	;volatile
   368  00FF98                     
   369                           ; BSR set to: 58
   370                           ;mcc_generated_files/pin_manager.c: 79:     ANSELC = 0xFF;
   371  00FF98  6960               	setf	96,b	;volatile
   372  00FF9A                     
   373                           ; BSR set to: 58
   374                           ;mcc_generated_files/pin_manager.c: 80:     ANSELB = 0xFF;
   375  00FF9A  6950               	setf	80,b	;volatile
   376                           
   377                           ;mcc_generated_files/pin_manager.c: 81:     ANSELE = 0x07;
   378  00FF9C  0E07               	movlw	7
   379  00FF9E  6F80               	movwf	128,b	;volatile
   380  00FFA0                     
   381                           ; BSR set to: 58
   382                           ;mcc_generated_files/pin_manager.c: 82:     ANSELA = 0xFF;
   383  00FFA0  6940               	setf	64,b	;volatile
   384                           
   385                           ;mcc_generated_files/pin_manager.c: 87:     WPUD = 0x00;
   386  00FFA2  0E00               	movlw	0
   387  00FFA4  6F71               	movwf	113,b	;volatile
   388                           
   389                           ;mcc_generated_files/pin_manager.c: 88:     WPUE = 0x00;
   390  00FFA6  0E00               	movlw	0
   391  00FFA8  6F81               	movwf	129,b	;volatile
   392                           
   393                           ;mcc_generated_files/pin_manager.c: 89:     WPUB = 0x00;
   394  00FFAA  0E00               	movlw	0
   395  00FFAC  6F51               	movwf	81,b	;volatile
   396                           
   397                           ;mcc_generated_files/pin_manager.c: 90:     WPUA = 0x00;
   398  00FFAE  0E00               	movlw	0
   399  00FFB0  6F41               	movwf	65,b	;volatile
   400                           
   401                           ;mcc_generated_files/pin_manager.c: 91:     WPUC = 0x00;
   402  00FFB2  0E00               	movlw	0
   403  00FFB4  6F61               	movwf	97,b	;volatile
   404                           
   405                           ;mcc_generated_files/pin_manager.c: 96:     RB1I2C = 0x00;
   406  00FFB6  0E00               	movlw	0
   407  00FFB8  6F5A               	movwf	90,b	;volatile
   408                           
   409                           ;mcc_generated_files/pin_manager.c: 97:     RB2I2C = 0x00;
   410  00FFBA  0E00               	movlw	0
   411  00FFBC  6F5B               	movwf	91,b	;volatile
   412                           
   413                           ;mcc_generated_files/pin_manager.c: 98:     RC3I2C = 0x00;
   414  00FFBE  0E00               	movlw	0
   415  00FFC0  6F6A               	movwf	106,b	;volatile
   416                           
   417                           ;mcc_generated_files/pin_manager.c: 99:     RC4I2C = 0x00;
   418  00FFC2  0E00               	movlw	0
   419  00FFC4  6F6B               	movwf	107,b	;volatile
   420                           
   421                           ;mcc_generated_files/pin_manager.c: 100:     RD0I2C = 0x00;
   422  00FFC6  0E00               	movlw	0
   423  00FFC8  6F7A               	movwf	122,b	;volatile
   424                           
   425                           ;mcc_generated_files/pin_manager.c: 101:     RD1I2C = 0x00;
   426  00FFCA  0E00               	movlw	0
   427  00FFCC  6F7B               	movwf	123,b	;volatile
   428                           
   429                           ;mcc_generated_files/pin_manager.c: 106:     ODCONE = 0x00;
   430  00FFCE  0E00               	movlw	0
   431  00FFD0  6F82               	movwf	130,b	;volatile
   432                           
   433                           ;mcc_generated_files/pin_manager.c: 107:     ODCONA = 0x00;
   434  00FFD2  0E00               	movlw	0
   435  00FFD4  6F42               	movwf	66,b	;volatile
   436                           
   437                           ;mcc_generated_files/pin_manager.c: 108:     ODCONB = 0x00;
   438  00FFD6  0E00               	movlw	0
   439  00FFD8  6F52               	movwf	82,b	;volatile
   440                           
   441                           ;mcc_generated_files/pin_manager.c: 109:     ODCONC = 0x00;
   442  00FFDA  0E00               	movlw	0
   443  00FFDC  6F62               	movwf	98,b	;volatile
   444                           
   445                           ;mcc_generated_files/pin_manager.c: 110:     ODCOND = 0x00;
   446  00FFDE  0E00               	movlw	0
   447  00FFE0  6F72               	movwf	114,b	;volatile
   448  00FFE2                     
   449                           ; BSR set to: 58
   450                           ;mcc_generated_files/pin_manager.c: 115:     SLRCONA = 0xFF;
   451  00FFE2  6943               	setf	67,b	;volatile
   452  00FFE4                     
   453                           ; BSR set to: 58
   454                           ;mcc_generated_files/pin_manager.c: 116:     SLRCONB = 0xFF;
   455  00FFE4  6953               	setf	83,b	;volatile
   456  00FFE6                     
   457                           ; BSR set to: 58
   458                           ;mcc_generated_files/pin_manager.c: 117:     SLRCONC = 0xFF;
   459  00FFE6  6963               	setf	99,b	;volatile
   460  00FFE8                     
   461                           ; BSR set to: 58
   462                           ;mcc_generated_files/pin_manager.c: 118:     SLRCOND = 0xFF;
   463  00FFE8  6973               	setf	115,b	;volatile
   464                           
   465                           ;mcc_generated_files/pin_manager.c: 119:     SLRCONE = 0x07;
   466  00FFEA  0E07               	movlw	7
   467  00FFEC  6F83               	movwf	131,b	;volatile
   468  00FFEE                     
   469                           ; BSR set to: 58
   470                           ;mcc_generated_files/pin_manager.c: 124:     INLVLA = 0xFF;
   471  00FFEE  6944               	setf	68,b	;volatile
   472  00FFF0                     
   473                           ; BSR set to: 58
   474                           ;mcc_generated_files/pin_manager.c: 125:     INLVLB = 0xFF;
   475  00FFF0  6954               	setf	84,b	;volatile
   476  00FFF2                     
   477                           ; BSR set to: 58
   478                           ;mcc_generated_files/pin_manager.c: 126:     INLVLC = 0xFF;
   479  00FFF2  6964               	setf	100,b	;volatile
   480  00FFF4                     
   481                           ; BSR set to: 58
   482                           ;mcc_generated_files/pin_manager.c: 127:     INLVLD = 0xFF;
   483  00FFF4  6974               	setf	116,b	;volatile
   484                           
   485                           ;mcc_generated_files/pin_manager.c: 128:     INLVLE = 0x0F;
   486  00FFF6  0E0F               	movlw	15
   487  00FFF8  6F84               	movwf	132,b	;volatile
   488  00FFFA                     
   489                           ; BSR set to: 58
   490  00FFFA  0012               	return		;funcret
   491  00FFFC                     __end_of_PIN_MANAGER_Initialize:
   492                           	opt callstack 0
   493                           
   494 ;; *************** function _OSCILLATOR_Initialize *****************
   495 ;; Defined at:
   496 ;;		line 57 in file "mcc_generated_files/mcc.c"
   497 ;; Parameters:    Size  Location     Type
   498 ;;		None
   499 ;; Auto vars:     Size  Location     Type
   500 ;;		None
   501 ;; Return value:  Size  Location     Type
   502 ;;                  1    wreg      void 
   503 ;; Registers used:
   504 ;;		wreg, status,2
   505 ;; Tracked objects:
   506 ;;		On entry : 0/0
   507 ;;		On exit  : 0/0
   508 ;;		Unchanged: 0/0
   509 ;; Data sizes:     COMRAM   BANK0   BANK1   BANK2   BANK3   BANK4   BANK5   BANK6   BANK7   BANK8   BANK9  BANK10  BANK1
      +1  BANK12  BANK13  BANK14  BANK15
   510 ;;      Params:         0       0       0       0       0       0       0       0       0       0       0       0       
      +0       0       0       0       0
   511 ;;      Locals:         0       0       0       0       0       0       0       0       0       0       0       0       
      +0       0       0       0       0
   512 ;;      Temps:          0       0       0       0       0       0       0       0       0       0       0       0       
      +0       0       0       0       0
   513 ;;      Totals:         0       0       0       0       0       0       0       0       0       0       0       0       
      +0       0       0       0       0
   514 ;;Total ram usage:        0 bytes
   515 ;; Hardware stack levels used:    1
   516 ;; This function calls:
   517 ;;		Nothing
   518 ;; This function is called by:
   519 ;;		_SYSTEM_Initialize
   520 ;; This function uses a non-reentrant model
   521 ;;
   522                           
   523                           	psect	text4
   524  00FF38                     __ptext4:
   525                           	opt callstack 0
   526  00FF38                     _OSCILLATOR_Initialize:
   527                           	opt callstack 29
   528  00FF38                     
   529                           ;mcc_generated_files/mcc.c: 60:     OSCCON1 = 0x70;
   530  00FF38  0E70               	movlw	112
   531  00FF3A  0139               	movlb	57	; () banked
   532  00FF3C  6FD9               	movwf	217,b	;volatile
   533                           
   534                           ;mcc_generated_files/mcc.c: 62:     OSCCON3 = 0x00;
   535  00FF3E  0E00               	movlw	0
   536  00FF40  6FDB               	movwf	219,b	;volatile
   537                           
   538                           ;mcc_generated_files/mcc.c: 64:     OSCEN = 0x00;
   539  00FF42  0E00               	movlw	0
   540  00FF44  6FDD               	movwf	221,b	;volatile
   541                           
   542                           ;mcc_generated_files/mcc.c: 66:     OSCFRQ = 0x02;
   543  00FF46  0E02               	movlw	2
   544  00FF48  6FDF               	movwf	223,b	;volatile
   545                           
   546                           ;mcc_generated_files/mcc.c: 68:     OSCTUNE = 0x00;
   547  00FF4A  0E00               	movlw	0
   548  00FF4C  6FDE               	movwf	222,b	;volatile
   549  00FF4E                     
   550                           ; BSR set to: 57
   551  00FF4E  0012               	return		;funcret
   552  00FF50                     __end_of_OSCILLATOR_Initialize:
   553                           	opt callstack 0
   554  0000                     
   555                           	psect	rparam
   556  0000                     tosu	equ	0x3FFF
   557                           tosh	equ	0x3FFE
   558                           tosl	equ	0x3FFD
   559                           stkptr	equ	0x3FFC
   560                           pclatu	equ	0x3FFB
   561                           pclath	equ	0x3FFA
   562                           pcl	equ	0x3FF9
   563                           tblptru	equ	0x3FF8
   564                           tblptrh	equ	0x3FF7
   565                           tblptrl	equ	0x3FF6
   566                           tablat	equ	0x3FF5
   567                           prodh	equ	0x3FF4
   568                           prodl	equ	0x3FF3
   569                           indf0	equ	0x3FEF
   570                           postinc0	equ	0x3FEE
   571                           postdec0	equ	0x3FED
   572                           preinc0	equ	0x3FEC
   573                           plusw0	equ	0x3FEB
   574                           fsr0h	equ	0x3FEA
   575                           fsr0l	equ	0x3FE9
   576                           wreg	equ	0x3FE8
   577                           indf1	equ	0x3FE7
   578                           postinc1	equ	0x3FE6
   579                           postdec1	equ	0x3FE5
   580                           preinc1	equ	0x3FE4
   581                           plusw1	equ	0x3FE3
   582                           fsr1h	equ	0x3FE2
   583                           fsr1l	equ	0x3FE1
   584                           bsr	equ	0x3FE0
   585                           indf2	equ	0x3FDF
   586                           postinc2	equ	0x3FDE
   587                           postdec2	equ	0x3FDD
   588                           preinc2	equ	0x3FDC
   589                           plusw2	equ	0x3FDB
   590                           fsr2h	equ	0x3FDA
   591                           fsr2l	equ	0x3FD9
   592                           status	equ	0x3FD8


Data Sizes:
    Strings     0
    Constant    0
    Data        0
    BSS         0
    Persistent  0
    Stack       0

Auto Spaces:
    Space          Size  Autos    Used
    COMRAM           95      0       0
    BANK0           160      0       0
    BANK1           256      0       0
    BANK2           256      0       0
    BANK3           256      0       0
    BANK4           256      0       0
    BANK5           256      0       0
    BANK6           256      0       0
    BANK7           256      0       0
    BANK8           256      0       0
    BANK9           256      0       0
    BANK10          256      0       0
    BANK11          256      0       0
    BANK12          256      0       0
    BANK13          256      0       0
    BANK14          256      0       0
    BANK15          256      0       0

Pointer List with Targets:

    None.

Critical Paths under _main in COMRAM

    None.

Critical Paths under _main in BANK0

    None.

Critical Paths under _main in BANK1

    None.

Critical Paths under _main in BANK2

    None.

Critical Paths under _main in BANK3

    None.

Critical Paths under _main in BANK4

    None.

Critical Paths under _main in BANK5

    None.

Critical Paths under _main in BANK6

    None.

Critical Paths under _main in BANK7

    None.

Critical Paths under _main in BANK8

    None.

Critical Paths under _main in BANK9

    None.

Critical Paths under _main in BANK10

    None.

Critical Paths under _main in BANK11

    None.

Critical Paths under _main in BANK12

    None.

Critical Paths under _main in BANK13

    None.

Critical Paths under _main in BANK14

    None.

Critical Paths under _main in BANK15

    None.

Call Graph Tables:

 ---------------------------------------------------------------------------------
 (Depth) Function   	        Calls       Base Space   Used Autos Params    Refs
 ---------------------------------------------------------------------------------
 (0) _main                                                 0     0      0       0
                  _SYSTEM_Initialize
 ---------------------------------------------------------------------------------
 (1) _SYSTEM_Initialize                                    0     0      0       0
              _OSCILLATOR_Initialize
             _PIN_MANAGER_Initialize
                     _PMD_Initialize
 ---------------------------------------------------------------------------------
 (2) _PMD_Initialize                                       0     0      0       0
 ---------------------------------------------------------------------------------
 (2) _PIN_MANAGER_Initialize                               0     0      0       0
 ---------------------------------------------------------------------------------
 (2) _OSCILLATOR_Initialize                                0     0      0       0
 ---------------------------------------------------------------------------------
 Estimated maximum stack depth 2
 ---------------------------------------------------------------------------------

 Call Graph Graphs:

 _main (ROOT)
   _SYSTEM_Initialize
     _OSCILLATOR_Initialize
     _PIN_MANAGER_Initialize
     _PMD_Initialize

 Address spaces:
Name               Size   Autos  Total    Cost      Usage
BITCOMRAM           5F      0       0       0        0.0%
EEDATA             400      0       0       0        0.0%
NULL                 0      0       0       0        0.0%
CODE                 0      0       0       0        0.0%
COMRAM              5F      0       0       1        0.0%
STACK                0      0       0       2        0.0%
DATA                 0      0       0       3        0.0%
BITBANK0            A0      0       0       4        0.0%
BANK0               A0      0       0       5        0.0%
BITBANK1           100      0       0       6        0.0%
BANK1              100      0       0       7        0.0%
BITBANK2           100      0       0       8        0.0%
BANK2              100      0       0       9        0.0%
BITBANK3           100      0       0      10        0.0%
BANK3              100      0       0      11        0.0%
BITBANK4           100      0       0      12        0.0%
BANK4              100      0       0      13        0.0%
BITBANK5           100      0       0      14        0.0%
BANK5              100      0       0      15        0.0%
BITBANK6           100      0       0      16        0.0%
BANK6              100      0       0      17        0.0%
BITBANK7           100      0       0      18        0.0%
BANK7              100      0       0      19        0.0%
BITBANK8           100      0       0      20        0.0%
BANK8              100      0       0      21        0.0%
BITBANK9           100      0       0      22        0.0%
BANK9              100      0       0      23        0.0%
BANK10             100      0       0      24        0.0%
BANK11             100      0       0      25        0.0%
BANK12             100      0       0      26        0.0%
BANK13             100      0       0      27        0.0%
BITBANK14          100      0       0      28        0.0%
BANK14             100      0       0      29        0.0%
BITBANK15          100      0       0      30        0.0%
BANK15             100      0       0      31        0.0%
ABS                  0      0       0      32        0.0%
BITBANK10          100      0       0      33        0.0%
BITBANK11          100      0       0      34        0.0%
BITBANK12          100      0       0      35        0.0%
BITBANK13          100      0       0      36        0.0%
BIGRAM             FFF      0       0      37        0.0%
BITSFR_8             0      0       0     200        0.0%
SFR_8                0      0       0     200        0.0%
BITSFR_7             0      0       0     200        0.0%
SFR_7                0      0       0     200        0.0%
BITSFR_6             0      0       0     200        0.0%
SFR_6                0      0       0     200        0.0%
BITSFR_5             0      0       0     200        0.0%
SFR_5                0      0       0     200        0.0%
BITSFR_4             0      0       0     200        0.0%
SFR_4                0      0       0     200        0.0%
BITSFR_3             0      0       0     200        0.0%
SFR_3                0      0       0     200        0.0%
BITSFR_2             0      0       0     200        0.0%
SFR_2                0      0       0     200        0.0%
BITSFR_1             0      0       0     200        0.0%
SFR_1                0      0       0     200        0.0%
BITSFR               0      0       0     200        0.0%
SFR                  0      0       0     200        0.0%


Microchip Technology PIC18 Macro Assembler V2.10 build 88905656 
Symbol Table                                                                                   Tue Sep 15 14:13:54 2020

                              l7 FF22                                l8 FF22  
                    __CFG_CP$OFF 000000                               l51 FF72  
                             l45 FF36                               l48 FF4E  
                    __CFG_LVP$ON 000000                              l136 FFFA  
                            l821 FF8E                              l831 FF9A  
                            l823 FF90                              l815 FF50  
                            l841 FFE8                              l833 FFA0  
                            l825 FF92                              l817 FF74  
                            l851 FF38                              l843 FFEE  
                            l835 FFE2                              l827 FF94  
                            l819 FF8C                              l845 FFF0  
                            l837 FFE4                              l829 FF98  
                            l853 FF2A                              l847 FFF2  
                            l839 FFE6                              l855 FF1E  
                            l849 FFF4          __size_of_PMD_Initialize 0024  
                  __CFG_BBEN$OFF 000000                     __CFG_ZCD$OFF 000000  
                           _LATA 003FBA                             _LATB 003FBB  
                           _LATC 003FBC                             _LATD 003FBD  
                           _LATE 003FBE                             _PMD0 0039C0  
                           _PMD1 0039C1                             _PMD2 0039C2  
                           _PMD3 0039C3                             _PMD4 0039C4  
                           _PMD5 0039C5                             _PMD6 0039C6  
                           _PMD7 0039C7                             _WPUA 003A41  
                           _WPUB 003A51                             _WPUC 003A61  
                           _WPUD 003A71                             _WPUE 003A81  
                  __CFG_FCMEN$ON 000000                             _main FF1E  
                           start FFFC                    __CFG_CSWEN$ON 000000  
                   ___param_bank 000000   __size_of_OSCILLATOR_Initialize 0018  
  __end_of_OSCILLATOR_Initialize FF50                            ?_main 0000  
                  __CFG_WDTE$OFF 000000                   __CFG_DEBUG$OFF 000000  
                          _OSCEN 0039DD                            _TRISA 003FC2  
                          _TRISB 003FC3                            _TRISC 003FC4  
                          _TRISD 003FC5                            _TRISE 003FC6  
                  __CFG_WRTB$OFF 000000                    __CFG_WRTC$OFF 000000  
                  __CFG_WRTD$OFF 000000               __CFG_MCLRE$EXTMCLR 000000  
                __initialization FF18                     __end_of_main FF2A  
                 __CFG_SAFEN$OFF 000000                           ??_main 0000  
                 __CFG_PR1WAY$ON 000000                    __activetblptr 000000  
                         _ANSELA 003A40                           _ANSELB 003A50  
                         _ANSELC 003A60                           _ANSELD 003A70  
                         _ANSELE 003A80                           _RB1I2C 003A5A  
                         _RB2I2C 003A5B                           _RD0I2C 003A7A  
                         _RC3I2C 003A6A                           _RD1I2C 003A7B  
                         _RC4I2C 003A6B                           _ODCONA 003A42  
                         _ODCONB 003A52                           _ODCONC 003A62  
                         _ODCOND 003A72                           _ODCONE 003A82  
                 __CFG_WDTCCS$SC 000000                           _INLVLA 003A44  
                         _INLVLB 003A54                           _INLVLC 003A64  
                         _INLVLD 003A74                           _INLVLE 003A84  
             __CFG_RSTOSC$EXTOSC 000000                           _OSCFRQ 0039DF  
                 __CFG_XINST$OFF 000000                   __CFG_STVREN$ON 000000  
                 _PMD_Initialize FF50                _SYSTEM_Initialize FF2A  
                     __accesstop 0060          __end_of__initialization FF18  
             ?_SYSTEM_Initialize 0000                    ___rparam_used 000001  
                 __pcstackCOMRAM 0000              ??_SYSTEM_Initialize 0000  
         __end_of_PMD_Initialize FF74        __end_of_SYSTEM_Initialize FF38  
                __CFG_IVT1WAY$ON 000000                  __CFG_MVECEN$OFF 000000  
                __CFG_PPS1WAY$ON 000000                  ?_PMD_Initialize 0000  
            __CFG_PWRTS$PWRT_OFF 000000                          _OSCCON1 0039D9  
                        _OSCCON3 0039DB                          _OSCTUNE 0039DE  
                        _SLRCONA 003A43                          _SLRCONB 003A53  
                        _SLRCONC 003A63                          _SLRCOND 003A73  
                        _SLRCONE 003A83                          __Hparam 0000  
                        __Lparam 0000                          __pcinit FF18  
                        __ramtop 1000                          __ptext0 FF1E  
                        __ptext1 FF2A                          __ptext2 FF50  
                        __ptext3 FF74                          __ptext4 FF38  
                __CFG_WRTAPP$OFF 000000            _OSCILLATOR_Initialize FF38  
       ??_PIN_MANAGER_Initialize 0000                  __CFG_WRTSAF$OFF 000000  
     __size_of_SYSTEM_Initialize 000E             end_of_initialization FF18  
          __CFG_WDTCPS$WDTCPS_31 000000                 __CFG_FEXTOSC$OFF 000000  
         ?_OSCILLATOR_Initialize 0000              start_initialization FF18  
__size_of_PIN_MANAGER_Initialize 0088                 __CFG_LPBOREN$OFF 000000  
               ??_PMD_Initialize 0000           _PIN_MANAGER_Initialize FF74  
         __CFG_BBSIZE$BBSIZE_512 000000              __CFG_BORV$VBOR_2P45 000000  
                       __Hrparam 0000                         __Lrparam 0000  
             __CFG_BOREN$SBORDIS 000000          ??_OSCILLATOR_Initialize 0000  
                  __size_of_main 000C             __CFG_WDTCWS$WDTCWS_7 000000  
        ?_PIN_MANAGER_Initialize 0000                __CFG_CLKOUTEN$OFF 000000  
 __end_of_PIN_MANAGER_Initialize FFFC  
